<?xml version="1.0" encoding="UTF-8"?>
<!-- Generated by org.testng.reporters.JUnitXMLReporter -->
<testsuite ignored="1" hostname="DESKTOP-HJ1DTFA" failures="1" tests="2" name="Default test(failed)" time="0.154" errors="0" timestamp="2023-01-23T17:40:37 IST">
  <testcase classname="listener.Mytesting" name="B" time="0.032">
    <failure type="java.lang.AssertionError" message="null">
      <![CDATA[java.lang.AssertionError: null
at listener.Mytesting.B(Mytesting.java:20)
at java.base/java.util.ArrayList.forEach(ArrayList.java:1541)
... Removed 29 stack frames]]>
    </failure>
  </testcase> <!-- B -->
  <testcase classname="listener.Mytesting" name="C" time="0.0">
    <skipped/>
  </testcase> <!-- C -->
  <testcase classname="listener.Mytesting" name="A" time="0.0">
    <ignored/>
  </testcase> <!-- A -->
</testsuite> <!-- Default test(failed) -->
