<?xml version="1.0" encoding="UTF-8"?>
<!-- Generated by org.testng.reporters.JUnitXMLReporter -->
<testsuite ignored="3" hostname="DESKTOP-HJ1DTFA" failures="0" tests="2" name="TestNgMethods" time="0.125" errors="0" timestamp="2023-01-05T09:12:40 IST">
  <testcase classname="testNGxmlStudy.NeoStox1" name="a" time="0.023"/>
  <testcase classname="testNGxmlStudy.NeoStox1" name="e" time="0.003"/>
  <testcase classname="testNGxmlStudy.NeoStox1" name="c" time="0.0">
    <ignored/>
  </testcase> <!-- c -->
  <testcase classname="testNGxmlStudy.NeoStox1" name="d" time="0.0">
    <ignored/>
  </testcase> <!-- d -->
  <testcase classname="testNGxmlStudy.NeoStox1" name="b" time="0.0">
    <ignored/>
  </testcase> <!-- b -->
</testsuite> <!-- TestNgMethods -->
