<?xml version="1.0" encoding="UTF-8"?>
<!-- Generated by org.testng.reporters.JUnitXMLReporter -->
<testsuite ignored="0" hostname="DESKTOP-HJ1DTFA" failures="1" tests="1" name="TestChrome" time="0.131" errors="0" timestamp="2023-01-15T18:42:05 IST">
  <testcase classname="cbTesting.CrossBrowserTest" name="cbTesting" time="0.026">
    <failure type="java.lang.NullPointerException">
      <![CDATA[java.lang.NullPointerException
at cbTesting.CrossBrowserTest.cbTesting(CrossBrowserTest.java:33)
at java.base/java.util.ArrayList.forEach(ArrayList.java:1541)
... Removed 27 stack frames]]>
    </failure>
  </testcase> <!-- cbTesting -->
</testsuite> <!-- TestChrome -->
