<?xml version="1.0" encoding="UTF-8"?>
<!-- Generated by org.testng.reporters.JUnitXMLReporter -->
<testsuite ignored="0" hostname="DESKTOP-HJ1DTFA" failures="1" tests="5" name="Test" time="0.159" errors="0" timestamp="2023-01-06T10:21:56 IST">
  <testcase classname="testNGxmlStudy.NeoStox1fail" name="a" time="0.019"/>
  <testcase classname="testNGxmlStudy.NeoStox1fail" name="b" time="0.005"/>
  <testcase classname="testNGxmlStudy.NeoStox1fail" name="c" time="0.005"/>
  <testcase classname="testNGxmlStudy.NeoStox1fail" name="d" time="0.01">
    <failure type="java.lang.AssertionError" message="null">
      <![CDATA[java.lang.AssertionError: null
at testNGxmlStudy.NeoStox1fail.d(NeoStox1fail.java:32)
at java.base/java.util.ArrayList.forEach(ArrayList.java:1541)
... Removed 29 stack frames]]>
    </failure>
  </testcase> <!-- d -->
  <testcase classname="testNGxmlStudy.NeoStox1fail" name="e" time="0.006"/>
</testsuite> <!-- Test -->
