<?xml version="1.0" encoding="UTF-8"?>
<testng-results ignored="0" total="6" passed="5" failed="1" skipped="0">
  <reporter-output>
    <line>
      <![CDATA[waiting for1000ms]]>
    </line>
    <line>
      <![CDATA[launching browser]]>
    </line>
    <line>
      <![CDATA[clicking on signin button]]>
    </line>
    <line>
      <![CDATA[waiting for1000ms]]>
    </line>
    <line>
      <![CDATA[waiting for1000ms]]>
    </line>
    <line>
      <![CDATA[waiting for1000ms]]>
    </line>
    <line>
      <![CDATA[getting AC Balance]]>
    </line>
    <line>
      <![CDATA[Account balance is Rs.5,00,000.00]]>
    </line>
    <line>
      <![CDATA[TC validateACBalance passed ]]>
    </line>
    <line>
      <![CDATA[Closing application]]>
    </line>
    <line>
      <![CDATA[waiting for1000ms]]>
    </line>
    <line>
      <![CDATA[launching browser]]>
    </line>
    <line>
      <![CDATA[clicking on signin button]]>
    </line>
    <line>
      <![CDATA[waiting for1000ms]]>
    </line>
    <line>
      <![CDATA[waiting for1000ms]]>
    </line>
    <line>
      <![CDATA[waiting for1000ms]]>
    </line>
    <line>
      <![CDATA[getting AC Balance]]>
    </line>
    <line>
      <![CDATA[Account balance is Rs.4,97,940.00]]>
    </line>
    <line>
      <![CDATA[TC validateACBalance passed ]]>
    </line>
    <line>
      <![CDATA[Closing application]]>
    </line>
    <line>
      <![CDATA[waiting for1000ms]]>
    </line>
    <line>
      <![CDATA[launching browser]]>
    </line>
    <line>
      <![CDATA[clicking on signin button]]>
    </line>
    <line>
      <![CDATA[waiting for1000ms]]>
    </line>
    <line>
      <![CDATA[waiting for1000ms]]>
    </line>
    <line>
      <![CDATA[waiting for1000ms]]>
    </line>
    <line>
      <![CDATA[getting AC Balance]]>
    </line>
    <line>
      <![CDATA[Account balance is Rs.5,00,000.00]]>
    </line>
    <line>
      <![CDATA[TC validateACBalance passed ]]>
    </line>
    <line>
      <![CDATA[Closing application]]>
    </line>
    <line>
      <![CDATA[waiting for1000ms]]>
    </line>
    <line>
      <![CDATA[launching browser]]>
    </line>
    <line>
      <![CDATA[clicking on signin button]]>
    </line>
    <line>
      <![CDATA[waiting for1000ms]]>
    </line>
    <line>
      <![CDATA[waiting for1000ms]]>
    </line>
    <line>
      <![CDATA[waiting for1000ms]]>
    </line>
    <line>
      <![CDATA[TC validateUserName failed ]]>
    </line>
    <line>
      <![CDATA[taking screenshot]]>
    </line>
    <line>
      <![CDATA[screenShot taken and saved atF:\ScreenShot\validateUserName.png]]>
    </line>
    <line>
      <![CDATA[Closing application]]>
    </line>
    <line>
      <![CDATA[waiting for1000ms]]>
    </line>
    <line>
      <![CDATA[launching browser]]>
    </line>
    <line>
      <![CDATA[clicking on signin button]]>
    </line>
    <line>
      <![CDATA[waiting for1000ms]]>
    </line>
    <line>
      <![CDATA[waiting for1000ms]]>
    </line>
    <line>
      <![CDATA[waiting for1000ms]]>
    </line>
    <line>
      <![CDATA[TC validateUserName passed ]]>
    </line>
    <line>
      <![CDATA[Closing application]]>
    </line>
    <line>
      <![CDATA[waiting for1000ms]]>
    </line>
    <line>
      <![CDATA[launching browser]]>
    </line>
    <line>
      <![CDATA[clicking on signin button]]>
    </line>
    <line>
      <![CDATA[waiting for1000ms]]>
    </line>
    <line>
      <![CDATA[waiting for1000ms]]>
    </line>
    <line>
      <![CDATA[waiting for1000ms]]>
    </line>
    <line>
      <![CDATA[TC validateUserName passed ]]>
    </line>
    <line>
      <![CDATA[Closing application]]>
    </line>
  </reporter-output>
  <suite started-at="2023-01-26T15:02:43 IST" name="Default suite" finished-at="2023-01-26T15:06:04 IST" duration-ms="201272">
    <groups>
    </groups>
    <test started-at="2023-01-26T15:02:43 IST" name="Default test" finished-at="2023-01-26T15:06:04 IST" duration-ms="201272">
      <class name="dataProvider.ValidateNeoStoxUserNameUsingPropertyFile">
        <test-method is-config="true" signature="launchNeoStoxApp()[pri:0, instance:dataProvider.ValidateNeoStoxUserNameUsingPropertyFile@2ea41516]" started-at="2023-01-26T15:02:43 IST" name="launchNeoStoxApp" finished-at="2023-01-26T15:02:53 IST" duration-ms="10203" status="PASS">
          <reporter-output>
            <line>
              <![CDATA[waiting for1000ms]]>
            </line>
            <line>
              <![CDATA[launching browser]]>
            </line>
          </reporter-output>
        </test-method> <!-- launchNeoStoxApp -->
        <test-method signature="validateACBalance(java.lang.String,java.lang.String)[pri:0, instance:dataProvider.ValidateNeoStoxUserNameUsingPropertyFile@2ea41516]" started-at="2023-01-26T15:02:53 IST" name="validateACBalance" data-provider="loginDetailsForValidateAccountBalance" finished-at="2023-01-26T15:03:10 IST" duration-ms="17155" status="PASS">
          <params>
            <param index="0">
              <value>
                <![CDATA[9421357890]]>
              </value>
            </param>
            <param index="1">
              <value>
                <![CDATA[9838]]>
              </value>
            </param>
          </params>
          <reporter-output>
            <line>
              <![CDATA[clicking on signin button]]>
            </line>
            <line>
              <![CDATA[waiting for1000ms]]>
            </line>
            <line>
              <![CDATA[waiting for1000ms]]>
            </line>
            <line>
              <![CDATA[waiting for1000ms]]>
            </line>
            <line>
              <![CDATA[getting AC Balance]]>
            </line>
            <line>
              <![CDATA[Account balance is Rs.5,00,000.00]]>
            </line>
            <line>
              <![CDATA[TC validateACBalance passed ]]>
            </line>
          </reporter-output>
        </test-method> <!-- validateACBalance -->
        <test-method is-config="true" signature="closeNeoStoxApp()[pri:0, instance:dataProvider.ValidateNeoStoxUserNameUsingPropertyFile@2ea41516]" started-at="2023-01-26T15:03:10 IST" name="closeNeoStoxApp" finished-at="2023-01-26T15:03:12 IST" duration-ms="1406" status="PASS">
          <reporter-output>
            <line>
              <![CDATA[Closing application]]>
            </line>
          </reporter-output>
        </test-method> <!-- closeNeoStoxApp -->
        <test-method is-config="true" signature="launchNeoStoxApp()[pri:0, instance:dataProvider.ValidateNeoStoxUserNameUsingPropertyFile@2ea41516]" started-at="2023-01-26T15:03:12 IST" name="launchNeoStoxApp" finished-at="2023-01-26T15:03:18 IST" duration-ms="6200" status="PASS">
          <reporter-output>
            <line>
              <![CDATA[waiting for1000ms]]>
            </line>
            <line>
              <![CDATA[launching browser]]>
            </line>
          </reporter-output>
        </test-method> <!-- launchNeoStoxApp -->
        <test-method signature="validateACBalance(java.lang.String,java.lang.String)[pri:0, instance:dataProvider.ValidateNeoStoxUserNameUsingPropertyFile@2ea41516]" started-at="2023-01-26T15:03:18 IST" name="validateACBalance" data-provider="loginDetailsForValidateAccountBalance" finished-at="2023-01-26T15:03:39 IST" duration-ms="20498" status="PASS">
          <params>
            <param index="0">
              <value>
                <![CDATA[7387901637]]>
              </value>
            </param>
            <param index="1">
              <value>
                <![CDATA[9362]]>
              </value>
            </param>
          </params>
          <reporter-output>
            <line>
              <![CDATA[clicking on signin button]]>
            </line>
            <line>
              <![CDATA[waiting for1000ms]]>
            </line>
            <line>
              <![CDATA[waiting for1000ms]]>
            </line>
            <line>
              <![CDATA[waiting for1000ms]]>
            </line>
            <line>
              <![CDATA[getting AC Balance]]>
            </line>
            <line>
              <![CDATA[Account balance is Rs.4,97,940.00]]>
            </line>
            <line>
              <![CDATA[TC validateACBalance passed ]]>
            </line>
          </reporter-output>
        </test-method> <!-- validateACBalance -->
        <test-method is-config="true" signature="closeNeoStoxApp()[pri:0, instance:dataProvider.ValidateNeoStoxUserNameUsingPropertyFile@2ea41516]" started-at="2023-01-26T15:03:39 IST" name="closeNeoStoxApp" finished-at="2023-01-26T15:03:40 IST" duration-ms="1311" status="PASS">
          <reporter-output>
            <line>
              <![CDATA[Closing application]]>
            </line>
          </reporter-output>
        </test-method> <!-- closeNeoStoxApp -->
        <test-method is-config="true" signature="launchNeoStoxApp()[pri:0, instance:dataProvider.ValidateNeoStoxUserNameUsingPropertyFile@2ea41516]" started-at="2023-01-26T15:03:40 IST" name="launchNeoStoxApp" finished-at="2023-01-26T15:04:35 IST" duration-ms="55654" status="PASS">
          <reporter-output>
            <line>
              <![CDATA[waiting for1000ms]]>
            </line>
            <line>
              <![CDATA[launching browser]]>
            </line>
          </reporter-output>
        </test-method> <!-- launchNeoStoxApp -->
        <test-method signature="validateACBalance(java.lang.String,java.lang.String)[pri:0, instance:dataProvider.ValidateNeoStoxUserNameUsingPropertyFile@2ea41516]" started-at="2023-01-26T15:04:35 IST" name="validateACBalance" data-provider="loginDetailsForValidateAccountBalance" finished-at="2023-01-26T15:05:00 IST" duration-ms="24506" status="PASS">
          <params>
            <param index="0">
              <value>
                <![CDATA[8805568380]]>
              </value>
            </param>
            <param index="1">
              <value>
                <![CDATA[2303]]>
              </value>
            </param>
          </params>
          <reporter-output>
            <line>
              <![CDATA[clicking on signin button]]>
            </line>
            <line>
              <![CDATA[waiting for1000ms]]>
            </line>
            <line>
              <![CDATA[waiting for1000ms]]>
            </line>
            <line>
              <![CDATA[waiting for1000ms]]>
            </line>
            <line>
              <![CDATA[getting AC Balance]]>
            </line>
            <line>
              <![CDATA[Account balance is Rs.5,00,000.00]]>
            </line>
            <line>
              <![CDATA[TC validateACBalance passed ]]>
            </line>
          </reporter-output>
        </test-method> <!-- validateACBalance -->
        <test-method is-config="true" signature="closeNeoStoxApp()[pri:0, instance:dataProvider.ValidateNeoStoxUserNameUsingPropertyFile@2ea41516]" started-at="2023-01-26T15:05:00 IST" name="closeNeoStoxApp" finished-at="2023-01-26T15:05:01 IST" duration-ms="1464" status="PASS">
          <reporter-output>
            <line>
              <![CDATA[Closing application]]>
            </line>
          </reporter-output>
        </test-method> <!-- closeNeoStoxApp -->
        <test-method is-config="true" signature="launchNeoStoxApp()[pri:0, instance:dataProvider.ValidateNeoStoxUserNameUsingPropertyFile@2ea41516]" started-at="2023-01-26T15:05:01 IST" name="launchNeoStoxApp" finished-at="2023-01-26T15:05:08 IST" duration-ms="6253" status="PASS">
          <reporter-output>
            <line>
              <![CDATA[waiting for1000ms]]>
            </line>
            <line>
              <![CDATA[launching browser]]>
            </line>
          </reporter-output>
        </test-method> <!-- launchNeoStoxApp -->
        <test-method signature="validateUserName(java.lang.String,java.lang.String,java.lang.String)[pri:0, instance:dataProvider.ValidateNeoStoxUserNameUsingPropertyFile@2ea41516]" started-at="2023-01-26T15:05:08 IST" name="validateUserName" data-provider="loginDetailsforValidateUserName" finished-at="2023-01-26T15:05:15 IST" duration-ms="7744" status="FAIL">
          <params>
            <param index="0">
              <value>
                <![CDATA[9421357890]]>
              </value>
            </param>
            <param index="1">
              <value>
                <![CDATA[9839]]>
              </value>
            </param>
            <param index="2">
              <value>
                <![CDATA[Hi Ujwala]]>
              </value>
            </param>
          </params>
          <exception class="org.openqa.selenium.NoSuchElementException">
            <message>
              <![CDATA[no such element: Unable to locate element: {"method":"xpath","selector":"(//a[text()='OK'])[2]"}
  (Session info: chrome=109.0.5414.119)
For documentation on this error, please visit: https://selenium.dev/exceptions/#no_such_element
Build info: version: '4.5.3', revision: '4b786a1e430'
System info: os.name: 'Windows 10', os.arch: 'amd64', os.version: '10.0', java.version: '11.0.16'
Driver info: org.openqa.selenium.chrome.ChromeDriver
Command: [6d814f6ed168648020447b83a701f14e, findElement {using=xpath, value=(//a[text()='OK'])[2]}]
Capabilities {acceptInsecureCerts: false, browserName: chrome, browserVersion: 109.0.5414.119, chrome: {chromedriverVersion: 109.0.5414.74 (e7c5703604da..., userDataDir: C:\Users\hi\AppData\Local\T...}, goog:chromeOptions: {debuggerAddress: localhost:56078}, networkConnectionEnabled: false, pageLoadStrategy: normal, platformName: WINDOWS, proxy: Proxy(), se:cdp: ws://localhost:56078/devtoo..., se:cdpVersion: 109.0.5414.119, setWindowRect: true, strictFileInteractability: false, timeouts: {implicit: 0, pageLoad: 300000, script: 30000}, unhandledPromptBehavior: dismiss and notify, webauthn:extension:credBlob: true, webauthn:extension:largeBlob: true, webauthn:virtualAuthenticators: true}
Session ID: 6d814f6ed168648020447b83a701f14e]]>
            </message>
            <full-stacktrace>
              <![CDATA[org.openqa.selenium.NoSuchElementException: no such element: Unable to locate element: {"method":"xpath","selector":"(//a[text()='OK'])[2]"}
  (Session info: chrome=109.0.5414.119)
For documentation on this error, please visit: https://selenium.dev/exceptions/#no_such_element
Build info: version: '4.5.3', revision: '4b786a1e430'
System info: os.name: 'Windows 10', os.arch: 'amd64', os.version: '10.0', java.version: '11.0.16'
Driver info: org.openqa.selenium.chrome.ChromeDriver
Command: [6d814f6ed168648020447b83a701f14e, findElement {using=xpath, value=(//a[text()='OK'])[2]}]
Capabilities {acceptInsecureCerts: false, browserName: chrome, browserVersion: 109.0.5414.119, chrome: {chromedriverVersion: 109.0.5414.74 (e7c5703604da..., userDataDir: C:\Users\hi\AppData\Local\T...}, goog:chromeOptions: {debuggerAddress: localhost:56078}, networkConnectionEnabled: false, pageLoadStrategy: normal, platformName: WINDOWS, proxy: Proxy(), se:cdp: ws://localhost:56078/devtoo..., se:cdpVersion: 109.0.5414.119, setWindowRect: true, strictFileInteractability: false, timeouts: {implicit: 0, pageLoad: 300000, script: 30000}, unhandledPromptBehavior: dismiss and notify, webauthn:extension:credBlob: true, webauthn:extension:largeBlob: true, webauthn:virtualAuthenticators: true}
Session ID: 6d814f6ed168648020447b83a701f14e
at java.base/jdk.internal.reflect.NativeConstructorAccessorImpl.newInstance0(Native Method)
at java.base/jdk.internal.reflect.NativeConstructorAccessorImpl.newInstance(NativeConstructorAccessorImpl.java:62)
at java.base/jdk.internal.reflect.DelegatingConstructorAccessorImpl.newInstance(DelegatingConstructorAccessorImpl.java:45)
at java.base/java.lang.reflect.Constructor.newInstance(Constructor.java:490)
at org.openqa.selenium.remote.codec.w3c.W3CHttpResponseCodec.createException(W3CHttpResponseCodec.java:200)
at org.openqa.selenium.remote.codec.w3c.W3CHttpResponseCodec.decode(W3CHttpResponseCodec.java:133)
at org.openqa.selenium.remote.codec.w3c.W3CHttpResponseCodec.decode(W3CHttpResponseCodec.java:53)
at org.openqa.selenium.remote.HttpCommandExecutor.execute(HttpCommandExecutor.java:184)
at org.openqa.selenium.remote.service.DriverCommandExecutor.invokeExecute(DriverCommandExecutor.java:167)
at org.openqa.selenium.remote.service.DriverCommandExecutor.execute(DriverCommandExecutor.java:142)
at org.openqa.selenium.remote.RemoteWebDriver.execute(RemoteWebDriver.java:541)
at org.openqa.selenium.remote.ElementLocation$ElementFinder$2.findElement(ElementLocation.java:162)
at org.openqa.selenium.remote.ElementLocation.findElement(ElementLocation.java:60)
at org.openqa.selenium.remote.RemoteWebDriver.findElement(RemoteWebDriver.java:365)
at org.openqa.selenium.remote.RemoteWebDriver.findElement(RemoteWebDriver.java:357)
at org.openqa.selenium.support.pagefactory.DefaultElementLocator.findElement(DefaultElementLocator.java:70)
at org.openqa.selenium.support.pagefactory.internal.LocatingElementHandler.invoke(LocatingElementHandler.java:39)
at com.sun.proxy.$Proxy18.click(Unknown Source)
at testNGneoStoxPOMClassesUsingDDF.NeoStoxDashBoardPage.handlePopUp(NeoStoxDashBoardPage.java:24)
at dataProvider.ValidateNeoStoxUserNameUsingPropertyFile.validateUserName(ValidateNeoStoxUserNameUsingPropertyFile.java:59)
at java.base/jdk.internal.reflect.NativeMethodAccessorImpl.invoke0(Native Method)
at java.base/jdk.internal.reflect.NativeMethodAccessorImpl.invoke(NativeMethodAccessorImpl.java:62)
at java.base/jdk.internal.reflect.DelegatingMethodAccessorImpl.invoke(DelegatingMethodAccessorImpl.java:43)
at java.base/java.lang.reflect.Method.invoke(Method.java:566)
at org.testng.internal.MethodInvocationHelper.invokeMethod(MethodInvocationHelper.java:133)
at org.testng.internal.TestInvoker.invokeMethod(TestInvoker.java:598)
at org.testng.internal.TestInvoker.invokeTestMethod(TestInvoker.java:173)
at org.testng.internal.MethodRunner.runInSequence(MethodRunner.java:46)
at org.testng.internal.TestInvoker$MethodInvocationAgent.invoke(TestInvoker.java:824)
at org.testng.internal.TestInvoker.invokeTestMethods(TestInvoker.java:146)
at org.testng.internal.TestMethodWorker.invokeTestMethods(TestMethodWorker.java:146)
at org.testng.internal.TestMethodWorker.run(TestMethodWorker.java:128)
at java.base/java.util.ArrayList.forEach(ArrayList.java:1541)
at org.testng.TestRunner.privateRun(TestRunner.java:794)
at org.testng.TestRunner.run(TestRunner.java:596)
at org.testng.SuiteRunner.runTest(SuiteRunner.java:377)
at org.testng.SuiteRunner.runSequentially(SuiteRunner.java:371)
at org.testng.SuiteRunner.privateRun(SuiteRunner.java:332)
at org.testng.SuiteRunner.run(SuiteRunner.java:276)
at org.testng.SuiteRunnerWorker.runSuite(SuiteRunnerWorker.java:53)
at org.testng.SuiteRunnerWorker.run(SuiteRunnerWorker.java:96)
at org.testng.TestNG.runSuitesSequentially(TestNG.java:1212)
at org.testng.TestNG.runSuitesLocally(TestNG.java:1134)
at org.testng.TestNG.runSuites(TestNG.java:1063)
at org.testng.TestNG.run(TestNG.java:1031)
at org.testng.remote.AbstractRemoteTestNG.run(AbstractRemoteTestNG.java:115)
at org.testng.remote.RemoteTestNG.initAndRun(RemoteTestNG.java:251)
at org.testng.remote.RemoteTestNG.main(RemoteTestNG.java:77)
]]>
            </full-stacktrace>
          </exception> <!-- org.openqa.selenium.NoSuchElementException -->
          <reporter-output>
            <line>
              <![CDATA[clicking on signin button]]>
            </line>
            <line>
              <![CDATA[waiting for1000ms]]>
            </line>
            <line>
              <![CDATA[waiting for1000ms]]>
            </line>
            <line>
              <![CDATA[waiting for1000ms]]>
            </line>
            <line>
              <![CDATA[TC validateUserName failed ]]>
            </line>
            <line>
              <![CDATA[taking screenshot]]>
            </line>
            <line>
              <![CDATA[screenShot taken and saved atF:\ScreenShot\validateUserName.png]]>
            </line>
          </reporter-output>
        </test-method> <!-- validateUserName -->
        <test-method is-config="true" signature="closeNeoStoxApp()[pri:0, instance:dataProvider.ValidateNeoStoxUserNameUsingPropertyFile@2ea41516]" started-at="2023-01-26T15:05:16 IST" name="closeNeoStoxApp" finished-at="2023-01-26T15:05:17 IST" duration-ms="1213" status="PASS">
          <reporter-output>
            <line>
              <![CDATA[Closing application]]>
            </line>
          </reporter-output>
        </test-method> <!-- closeNeoStoxApp -->
        <test-method is-config="true" signature="launchNeoStoxApp()[pri:0, instance:dataProvider.ValidateNeoStoxUserNameUsingPropertyFile@2ea41516]" started-at="2023-01-26T15:05:17 IST" name="launchNeoStoxApp" finished-at="2023-01-26T15:05:23 IST" duration-ms="6349" status="PASS">
          <reporter-output>
            <line>
              <![CDATA[waiting for1000ms]]>
            </line>
            <line>
              <![CDATA[launching browser]]>
            </line>
          </reporter-output>
        </test-method> <!-- launchNeoStoxApp -->
        <test-method signature="validateUserName(java.lang.String,java.lang.String,java.lang.String)[pri:0, instance:dataProvider.ValidateNeoStoxUserNameUsingPropertyFile@2ea41516]" started-at="2023-01-26T15:05:23 IST" name="validateUserName" data-provider="loginDetailsforValidateUserName" finished-at="2023-01-26T15:05:39 IST" duration-ms="15961" status="PASS">
          <params>
            <param index="0">
              <value>
                <![CDATA[7387901637]]>
              </value>
            </param>
            <param index="1">
              <value>
                <![CDATA[9362]]>
              </value>
            </param>
            <param index="2">
              <value>
                <![CDATA[Hi Ankush More]]>
              </value>
            </param>
          </params>
          <reporter-output>
            <line>
              <![CDATA[clicking on signin button]]>
            </line>
            <line>
              <![CDATA[waiting for1000ms]]>
            </line>
            <line>
              <![CDATA[waiting for1000ms]]>
            </line>
            <line>
              <![CDATA[waiting for1000ms]]>
            </line>
            <line>
              <![CDATA[TC validateUserName passed ]]>
            </line>
          </reporter-output>
        </test-method> <!-- validateUserName -->
        <test-method is-config="true" signature="closeNeoStoxApp()[pri:0, instance:dataProvider.ValidateNeoStoxUserNameUsingPropertyFile@2ea41516]" started-at="2023-01-26T15:05:39 IST" name="closeNeoStoxApp" finished-at="2023-01-26T15:05:41 IST" duration-ms="1498" status="PASS">
          <reporter-output>
            <line>
              <![CDATA[Closing application]]>
            </line>
          </reporter-output>
        </test-method> <!-- closeNeoStoxApp -->
        <test-method is-config="true" signature="launchNeoStoxApp()[pri:0, instance:dataProvider.ValidateNeoStoxUserNameUsingPropertyFile@2ea41516]" started-at="2023-01-26T15:05:41 IST" name="launchNeoStoxApp" finished-at="2023-01-26T15:05:48 IST" duration-ms="6755" status="PASS">
          <reporter-output>
            <line>
              <![CDATA[waiting for1000ms]]>
            </line>
            <line>
              <![CDATA[launching browser]]>
            </line>
          </reporter-output>
        </test-method> <!-- launchNeoStoxApp -->
        <test-method signature="validateUserName(java.lang.String,java.lang.String,java.lang.String)[pri:0, instance:dataProvider.ValidateNeoStoxUserNameUsingPropertyFile@2ea41516]" started-at="2023-01-26T15:05:48 IST" name="validateUserName" data-provider="loginDetailsforValidateUserName" finished-at="2023-01-26T15:06:03 IST" duration-ms="15423" status="PASS">
          <params>
            <param index="0">
              <value>
                <![CDATA[8805568380]]>
              </value>
            </param>
            <param index="1">
              <value>
                <![CDATA[2303]]>
              </value>
            </param>
            <param index="2">
              <value>
                <![CDATA[Hi Pooja Talekar]]>
              </value>
            </param>
          </params>
          <reporter-output>
            <line>
              <![CDATA[clicking on signin button]]>
            </line>
            <line>
              <![CDATA[waiting for1000ms]]>
            </line>
            <line>
              <![CDATA[waiting for1000ms]]>
            </line>
            <line>
              <![CDATA[waiting for1000ms]]>
            </line>
            <line>
              <![CDATA[TC validateUserName passed ]]>
            </line>
          </reporter-output>
        </test-method> <!-- validateUserName -->
        <test-method is-config="true" signature="closeNeoStoxApp()[pri:0, instance:dataProvider.ValidateNeoStoxUserNameUsingPropertyFile@2ea41516]" started-at="2023-01-26T15:06:03 IST" name="closeNeoStoxApp" finished-at="2023-01-26T15:06:04 IST" duration-ms="1293" status="PASS">
          <reporter-output>
            <line>
              <![CDATA[Closing application]]>
            </line>
          </reporter-output>
        </test-method> <!-- closeNeoStoxApp -->
      </class> <!-- dataProvider.ValidateNeoStoxUserNameUsingPropertyFile -->
    </test> <!-- Default test -->
  </suite> <!-- Default suite -->
</testng-results>
